# JRE version: Java(TM) SE Runtime Environment (16.0.2+7) (build 16.0.2+7-67)
# Java VM: Java HotSpot(TM) 64-Bit Server VM (16.0.2+7-67, mixed mode, sharing, tiered, compressed oops, compressed class ptrs, g1 gc, windows-amd64)
GC Precious Log:
 CPUs: 4 total, 4 available
 Memory: 8058M
 Large Page Support: Disabled
 NUMA Support: Disabled
 Compressed Oops: Enabled (32-bit)
 Heap Region Size: 1M
 Heap Min Capacity: 8M
 Heap Initial Capacity: 126M
 Heap Max Capacity: 2016M
 Pre-touch: Disabled
 Parallel Workers: 4
 Concurrent Workers: 1
 Concurrent Refinement Workers: 4
 Periodic GC: Disabled
Heap:
 garbage-first heap   total 82944K, used 37297K [0x0000000082000000, 0x0000000100000000)
  region size 1024K, 5 young (5120K), 5 survivors (5120K)
 Metaspace       used 45237K, committed 45696K, reserved 1089536K
  class space    used 6225K, committed 6464K, reserved 1048576K
GC Heap History (20 events):
Event: 5.613 GC heap after
{Heap after GC invocations=8 (full 0):
 garbage-first heap   total 68608K, used 20914K [0x0000000082000000, 0x0000000100000000)
  region size 1024K, 4 young (4096K), 4 survivors (4096K)
 Metaspace       used 24733K, committed 25152K, reserved 1073152K
  class space    used 3385K, committed 3584K, reserved 1048576K
}
Event: 6.003 GC heap before
{Heap before GC invocations=8 (full 0):
 garbage-first heap   total 68608K, used 49586K [0x0000000082000000, 0x0000000100000000)
  region size 1024K, 33 young (33792K), 4 survivors (4096K)
 Metaspace       used 28062K, committed 28416K, reserved 1073152K
  class space    used 3853K, committed 4032K, reserved 1048576K
}
Event: 6.011 GC heap after
{Heap after GC invocations=9 (full 0):
 garbage-first heap   total 68608K, used 22626K [0x0000000082000000, 0x0000000100000000)
  region size 1024K, 2 young (2048K), 2 survivors (2048K)
 Metaspace       used 28062K, committed 28416K, reserved 1073152K
  class space    used 3853K, committed 4032K, reserved 1048576K
}
Event: 6.248 GC heap before
{Heap before GC invocations=9 (full 0):
 garbage-first heap   total 68608K, used 56418K [0x0000000082000000, 0x0000000100000000)
  region size 1024K, 31 young (31744K), 2 survivors (2048K)
 Metaspace       used 30756K, committed 31232K, reserved 1081344K
  class space    used 4122K, committed 4352K, reserved 1048576K
}
Event: 6.254 GC heap after
{Heap after GC invocations=10 (full 0):
 garbage-first heap   total 68608K, used 28966K [0x0000000082000000, 0x0000000100000000)
  region size 1024K, 4 young (4096K), 4 survivors (4096K)
 Metaspace       used 30756K, committed 31232K, reserved 1081344K
  class space    used 4122K, committed 4352K, reserved 1048576K
}
Event: 6.354 GC heap before
{Heap before GC invocations=10 (full 0):
 garbage-first heap   total 68608K, used 52518K [0x0000000082000000, 0x0000000100000000)
  region size 1024K, 26 young (26624K), 4 survivors (4096K)
 Metaspace       used 30767K, committed 31232K, reserved 1081344K
  class space    used 4123K, committed 4352K, reserved 1048576K
}
Event: 6.361 GC heap after
{Heap after GC invocations=11 (full 0):
 garbage-first heap   total 82944K, used 27358K [0x0000000082000000, 0x0000000100000000)
  region size 1024K, 2 young (2048K), 2 survivors (2048K)
 Metaspace       used 30767K, committed 31232K, reserved 1081344K
  class space    used 4123K, committed 4352K, reserved 1048576K
}
Event: 6.647 GC heap before
{Heap before GC invocations=11 (full 0):
 garbage-first heap   total 82944K, used 66270K [0x0000000082000000, 0x0000000100000000)
  region size 1024K, 36 young (36864K), 2 survivors (2048K)
 Metaspace       used 31803K, committed 32256K, reserved 1081344K
  class space    used 4251K, committed 4480K, reserved 1048576K
}
Event: 6.649 GC heap after
{Heap after GC invocations=12 (full 0):
 garbage-first heap   total 82944K, used 27442K [0x0000000082000000, 0x0000000100000000)
  region size 1024K, 2 young (2048K), 2 survivors (2048K)
 Metaspace       used 31803K, committed 32256K, reserved 1081344K
  class space    used 4251K, committed 4480K, reserved 1048576K
}
Event: 7.170 GC heap before
{Heap before GC invocations=12 (full 0):
 garbage-first heap   total 82944K, used 64306K [0x0000000082000000, 0x0000000100000000)
  region size 1024K, 38 young (38912K), 2 survivors (2048K)
 Metaspace       used 33376K, committed 33856K, reserved 1081344K
  class space    used 4526K, committed 4736K, reserved 1048576K
}
Event: 7.178 GC heap after
{Heap after GC invocations=13 (full 0):
 garbage-first heap   total 82944K, used 28830K [0x0000000082000000, 0x0000000100000000)
  region size 1024K, 3 young (3072K), 3 survivors (3072K)
 Metaspace       used 33376K, committed 33856K, reserved 1081344K
  class space    used 4526K, committed 4736K, reserved 1048576K
}
Event: 7.662 GC heap before
{Heap before GC invocations=13 (full 0):
 garbage-first heap   total 82944K, used 62622K [0x0000000082000000, 0x0000000100000000)
  region size 1024K, 37 young (37888K), 3 survivors (3072K)
 Metaspace       used 35149K, committed 35520K, reserved 1081344K
  class space    used 4801K, committed 4992K, reserved 1048576K
}
Event: 7.668 GC heap after
{Heap after GC invocations=14 (full 0):
 garbage-first heap   total 82944K, used 30068K [0x0000000082000000, 0x0000000100000000)
  region size 1024K, 4 young (4096K), 4 survivors (4096K)
 Metaspace       used 35149K, committed 35520K, reserved 1081344K
  class space    used 4801K, committed 4992K, reserved 1048576K
}
Event: 8.503 GC heap before
{Heap before GC invocations=15 (full 0):
 garbage-first heap   total 82944K, used 64884K [0x0000000082000000, 0x0000000100000000)
  region size 1024K, 38 young (38912K), 4 survivors (4096K)
 Metaspace       used 40558K, committed 41024K, reserved 1089536K
  class space    used 5556K, committed 5760K, reserved 1048576K
}
Event: 8.513 GC heap after
{Heap after GC invocations=16 (full 0):
 garbage-first heap   total 82944K, used 32903K [0x0000000082000000, 0x0000000100000000)
  region size 1024K, 5 young (5120K), 5 survivors (5120K)
 Metaspace       used 40558K, committed 41024K, reserved 1089536K
  class space    used 5556K, committed 5760K, reserved 1048576K
}
Event: 9.408 GC heap before
{Heap before GC invocations=17 (full 0):
 garbage-first heap   total 82944K, used 64647K [0x0000000082000000, 0x0000000100000000)
  region size 1024K, 37 young (37888K), 5 survivors (5120K)
 Metaspace       used 42944K, committed 43456K, reserved 1089536K
  class space    used 5878K, committed 6144K, reserved 1048576K
}
Event: 9.419 GC heap after
{Heap after GC invocations=18 (full 0):
 garbage-first heap   total 82944K, used 34535K [0x0000000082000000, 0x0000000100000000)
  region size 1024K, 2 young (2048K), 2 survivors (2048K)
 Metaspace       used 42944K, committed 43456K, reserved 1089536K
  class space    used 5878K, committed 6144K, reserved 1048576K
}
Event: 9.939 GC heap before
{Heap before GC invocations=18 (full 0):
 garbage-first heap   total 82944K, used 66279K [0x0000000082000000, 0x0000000100000000)
  region size 1024K, 33 young (33792K), 2 survivors (2048K)
 Metaspace       used 43843K, committed 44352K, reserved 1089536K
  class space    used 6015K, committed 6272K, reserved 1048576K
}
Event: 9.949 GC heap after
{Heap after GC invocations=19 (full 0):
 garbage-first heap   total 82944K, used 35512K [0x0000000082000000, 0x0000000100000000)
  region size 1024K, 3 young (3072K), 3 survivors (3072K)
 Metaspace       used 43843K, committed 44352K, reserved 1089536K
  class space    used 6015K, committed 6272K, reserved 1048576K
}
Event: 10.538 GC heap before
{Heap before GC invocations=19 (full 0):
 garbage-first heap   total 82944K, used 66232K [0x0000000082000000, 0x0000000100000000)
  region size 1024K, 33 young (33792K), 3 survivors (3072K)
 Metaspace       used 45237K, committed 45696K, reserved 1089536K
  class space    used 6225K, committed 6464K, reserved 1048576K
}

